<?xml version="1.0" encoding="UTF-8"?>
<coverage generated="1655111625">
  <project timestamp="1655111625">
    <file name="/Users/magali/Library/CloudStorage/OneDrive-Personnel/Documents/www/oc-todolist/src/Controller/BaseController.php">
      <class name="App\Controller\BaseController" namespace="global">
        <metrics complexity="0" methods="0" coveredmethods="0" conditionals="0" coveredconditionals="0" statements="0" coveredstatements="0" elements="0" coveredelements="0"/>
      </class>
      <metrics loc="14" ncloc="11" classes="0" methods="0" coveredmethods="0" conditionals="0" coveredconditionals="0" statements="0" coveredstatements="0" elements="0" coveredelements="0"/>
    </file>
    <file name="/Users/magali/Library/CloudStorage/OneDrive-Personnel/Documents/www/oc-todolist/src/Controller/DefaultController.php">
      <class name="App\Controller\DefaultController" namespace="global">
        <metrics complexity="1" methods="1" coveredmethods="1" conditionals="0" coveredconditionals="0" statements="1" coveredstatements="1" elements="2" coveredelements="2"/>
      </class>
      <line num="10" type="method" name="indexAction" visibility="public" complexity="1" crap="1" count="3"/>
      <line num="13" type="stmt" count="3"/>
      <metrics loc="16" ncloc="16" classes="1" methods="1" coveredmethods="1" conditionals="0" coveredconditionals="0" statements="1" coveredstatements="1" elements="2" coveredelements="2"/>
    </file>
    <file name="/Users/magali/Library/CloudStorage/OneDrive-Personnel/Documents/www/oc-todolist/src/Controller/ResetPasswordController.php">
      <class name="App\Controller\ResetPasswordController" namespace="global">
        <metrics complexity="7" methods="3" coveredmethods="1" conditionals="0" coveredconditionals="0" statements="18" coveredstatements="13" elements="21" coveredelements="14"/>
      </class>
      <line num="20" type="method" name="__construct" visibility="public" complexity="1" crap="1" count="7"/>
      <line num="26" type="method" name="reset" visibility="public" complexity="4" crap="4.43" count="4"/>
      <line num="30" type="stmt" count="4"/>
      <line num="32" type="stmt" count="4"/>
      <line num="33" type="stmt" count="0"/>
      <line num="35" type="stmt" count="0"/>
      <line num="37" type="stmt" count="0"/>
      <line num="43" type="stmt" count="4"/>
      <line num="44" type="stmt" count="1"/>
      <line num="46" type="stmt" count="1"/>
      <line num="49" type="stmt" count="1"/>
      <line num="52" type="stmt" count="4"/>
      <line num="57" type="method" name="sendEmail" visibility="public" complexity="2" crap="2.09" count="1"/>
      <line num="61" type="stmt" count="1"/>
      <line num="63" type="stmt" count="1"/>
      <line num="64" type="stmt" count="1"/>
      <line num="66" type="stmt" count="1"/>
      <line num="69" type="stmt" count="0"/>
      <line num="71" type="stmt" count="0"/>
      <line num="75" type="stmt" count="1"/>
      <metrics loc="78" ncloc="78" classes="1" methods="3" coveredmethods="1" conditionals="0" coveredconditionals="0" statements="18" coveredstatements="13" elements="21" coveredelements="14"/>
    </file>
    <file name="/Users/magali/Library/CloudStorage/OneDrive-Personnel/Documents/www/oc-todolist/src/Controller/SecurityController.php">
      <class name="App\Controller\SecurityController" namespace="global">
        <metrics complexity="2" methods="2" coveredmethods="1" conditionals="0" coveredconditionals="0" statements="4" coveredstatements="3" elements="6" coveredelements="4"/>
      </class>
      <line num="12" type="method" name="loginAction" visibility="public" complexity="1" crap="1" count="5"/>
      <line num="15" type="stmt" count="5"/>
      <line num="16" type="stmt" count="5"/>
      <line num="18" type="stmt" count="5"/>
      <line num="24" type="method" name="logoutCheck" visibility="public" complexity="1" crap="2" count="0"/>
      <line num="28" type="stmt" count="0"/>
      <metrics loc="31" ncloc="30" classes="1" methods="2" coveredmethods="1" conditionals="0" coveredconditionals="0" statements="4" coveredstatements="3" elements="6" coveredelements="4"/>
    </file>
    <file name="/Users/magali/Library/CloudStorage/OneDrive-Personnel/Documents/www/oc-todolist/src/Controller/TaskController.php">
      <class name="App\Controller\TaskController" namespace="global">
        <metrics complexity="15" methods="8" coveredmethods="7" conditionals="0" coveredconditionals="0" statements="34" coveredstatements="32" elements="42" coveredelements="39"/>
      </class>
      <line num="18" type="method" name="__construct" visibility="public" complexity="1" crap="1" count="28"/>
      <line num="24" type="method" name="listUndoneAction" visibility="public" complexity="1" crap="1" count="8"/>
      <line num="27" type="stmt" count="8"/>
      <line num="29" type="stmt" count="8"/>
      <line num="34" type="method" name="listDoneAction" visibility="public" complexity="1" crap="1" count="3"/>
      <line num="37" type="stmt" count="3"/>
      <line num="39" type="stmt" count="3"/>
      <line num="44" type="method" name="createAction" visibility="public" complexity="3" crap="3" count="4"/>
      <line num="47" type="stmt" count="4"/>
      <line num="49" type="stmt" count="4"/>
      <line num="50" type="stmt" count="1"/>
      <line num="52" type="stmt" count="1"/>
      <line num="55" type="stmt" count="1"/>
      <line num="58" type="stmt" count="4"/>
      <line num="63" type="method" name="editAction" visibility="public" complexity="3" crap="3" count="7"/>
      <line num="67" type="stmt" count="7"/>
      <line num="69" type="stmt" count="7"/>
      <line num="70" type="stmt" count="1"/>
      <line num="72" type="stmt" count="1"/>
      <line num="75" type="stmt" count="1"/>
      <line num="78" type="stmt" count="7"/>
      <line num="84" type="method" name="toggleTaskAction" visibility="public" complexity="2" crap="2" count="2"/>
      <line num="87" type="stmt" count="2"/>
      <line num="89" type="stmt" count="2"/>
      <line num="90" type="stmt" count="1"/>
      <line num="92" type="stmt" count="1"/>
      <line num="95" type="stmt" count="1"/>
      <line num="98" type="stmt" count="1"/>
      <line num="100" type="stmt" count="1"/>
      <line num="103" type="stmt" count="1"/>
      <line num="106" type="method" name="confirmDeleteTaskAction" visibility="public" complexity="1" crap="1" count="3"/>
      <line num="110" type="stmt" count="3"/>
      <line num="115" type="method" name="deleteTaskAction" visibility="public" complexity="3" crap="3.14" count="3"/>
      <line num="119" type="stmt" count="3"/>
      <line num="120" type="stmt" count="0"/>
      <line num="123" type="stmt" count="3"/>
      <line num="125" type="stmt" count="3"/>
      <line num="127" type="stmt" count="3"/>
      <line num="130" type="stmt" count="3"/>
      <line num="131" type="stmt" count="0"/>
      <line num="134" type="stmt" count="3"/>
      <metrics loc="137" ncloc="137" classes="1" methods="8" coveredmethods="7" conditionals="0" coveredconditionals="0" statements="34" coveredstatements="32" elements="42" coveredelements="39"/>
    </file>
    <file name="/Users/magali/Library/CloudStorage/OneDrive-Personnel/Documents/www/oc-todolist/src/Controller/UserController.php">
      <class name="App\Controller\UserController" namespace="global">
        <metrics complexity="11" methods="6" coveredmethods="5" conditionals="0" coveredconditionals="0" statements="22" coveredstatements="21" elements="28" coveredelements="26"/>
      </class>
      <line num="19" type="method" name="__construct" visibility="public" complexity="1" crap="1" count="31"/>
      <line num="25" type="method" name="listAction" visibility="public" complexity="1" crap="1" count="6"/>
      <line num="28" type="stmt" count="6"/>
      <line num="30" type="stmt" count="6"/>
      <line num="35" type="method" name="createAction" visibility="public" complexity="3" crap="3" count="9"/>
      <line num="38" type="stmt" count="9"/>
      <line num="40" type="stmt" count="9"/>
      <line num="41" type="stmt" count="2"/>
      <line num="43" type="stmt" count="2"/>
      <line num="46" type="stmt" count="2"/>
      <line num="49" type="stmt" count="9"/>
      <line num="54" type="method" name="editAction" visibility="public" complexity="3" crap="3" count="10"/>
      <line num="57" type="stmt" count="10"/>
      <line num="59" type="stmt" count="10"/>
      <line num="60" type="stmt" count="2"/>
      <line num="62" type="stmt" count="2"/>
      <line num="65" type="stmt" count="2"/>
      <line num="68" type="stmt" count="10"/>
      <line num="74" type="method" name="confirmDeleteUserAction" visibility="public" complexity="1" crap="1" count="1"/>
      <line num="78" type="stmt" count="1"/>
      <line num="83" type="method" name="deleteTaskAction" visibility="public" complexity="2" crap="2.02" count="1"/>
      <line num="87" type="stmt" count="1"/>
      <line num="88" type="stmt" count="0"/>
      <line num="91" type="stmt" count="1"/>
      <line num="93" type="stmt" count="1"/>
      <line num="95" type="stmt" count="1"/>
      <line num="98" type="stmt" count="1"/>
      <metrics loc="101" ncloc="101" classes="1" methods="6" coveredmethods="5" conditionals="0" coveredconditionals="0" statements="22" coveredstatements="21" elements="28" coveredelements="26"/>
    </file>
    <file name="/Users/magali/Library/CloudStorage/OneDrive-Personnel/Documents/www/oc-todolist/src/DataFixtures/AppFixtures.php">
      <class name="App\DataFixtures\AppFixtures" namespace="global">
        <metrics complexity="1" methods="1" coveredmethods="0" conditionals="0" coveredconditionals="0" statements="10" coveredstatements="0" elements="11" coveredelements="0"/>
      </class>
      <line num="12" type="method" name="load" visibility="public" complexity="1" crap="2" count="0"/>
      <line num="15" type="stmt" count="0"/>
      <line num="20" type="stmt" count="0"/>
      <line num="21" type="stmt" count="0"/>
      <line num="25" type="stmt" count="0"/>
      <line num="31" type="stmt" count="0"/>
      <line num="33" type="stmt" count="0"/>
      <line num="37" type="stmt" count="0"/>
      <line num="38" type="stmt" count="0"/>
      <line num="41" type="stmt" count="0"/>
      <line num="43" type="stmt" count="0"/>
      <metrics loc="47" ncloc="43" classes="1" methods="1" coveredmethods="0" conditionals="0" coveredconditionals="0" statements="10" coveredstatements="0" elements="11" coveredelements="0"/>
    </file>
    <file name="/Users/magali/Library/CloudStorage/OneDrive-Personnel/Documents/www/oc-todolist/src/Entity/ResetPasswordRequest.php">
      <class name="App\Entity\ResetPasswordRequest" namespace="global">
        <metrics complexity="3" methods="3" coveredmethods="2" conditionals="0" coveredconditionals="0" statements="4" coveredstatements="3" elements="7" coveredelements="5"/>
      </class>
      <line num="25" type="method" name="__construct" visibility="public" complexity="1" crap="1" count="7"/>
      <line num="28" type="stmt" count="7"/>
      <line num="29" type="stmt" count="7"/>
      <line num="32" type="method" name="getId" visibility="public" complexity="1" crap="2" count="0"/>
      <line num="34" type="stmt" count="0"/>
      <line num="37" type="method" name="getUser" visibility="public" complexity="1" crap="1" count="4"/>
      <line num="39" type="stmt" count="4"/>
      <metrics loc="42" ncloc="41" classes="1" methods="3" coveredmethods="2" conditionals="0" coveredconditionals="0" statements="4" coveredstatements="3" elements="7" coveredelements="5"/>
    </file>
    <file name="/Users/magali/Library/CloudStorage/OneDrive-Personnel/Documents/www/oc-todolist/src/Entity/Task.php">
      <class name="App\Entity\Task" namespace="global">
        <metrics complexity="16" methods="15" coveredmethods="15" conditionals="0" coveredconditionals="0" statements="25" coveredstatements="25" elements="40" coveredelements="40"/>
      </class>
      <line num="45" type="method" name="__construct" visibility="public" complexity="1" crap="1" count="25"/>
      <line num="47" type="stmt" count="25"/>
      <line num="50" type="method" name="getId" visibility="public" complexity="1" crap="1" count="21"/>
      <line num="52" type="stmt" count="21"/>
      <line num="55" type="method" name="getCreatedAt" visibility="public" complexity="1" crap="1" count="15"/>
      <line num="57" type="stmt" count="15"/>
      <line num="60" type="method" name="setCreatedAt" visibility="public" complexity="1" crap="1" count="21"/>
      <line num="62" type="stmt" count="21"/>
      <line num="64" type="stmt" count="21"/>
      <line num="67" type="method" name="getTitle" visibility="public" complexity="1" crap="1" count="20"/>
      <line num="69" type="stmt" count="20"/>
      <line num="72" type="method" name="setTitle" visibility="public" complexity="1" crap="1" count="22"/>
      <line num="74" type="stmt" count="22"/>
      <line num="76" type="stmt" count="22"/>
      <line num="79" type="method" name="getContent" visibility="public" complexity="1" crap="1" count="15"/>
      <line num="81" type="stmt" count="15"/>
      <line num="84" type="method" name="setContent" visibility="public" complexity="1" crap="1" count="22"/>
      <line num="86" type="stmt" count="22"/>
      <line num="88" type="stmt" count="22"/>
      <line num="91" type="method" name="isDone" visibility="public" complexity="1" crap="1" count="22"/>
      <line num="93" type="stmt" count="22"/>
      <line num="96" type="method" name="setIsDone" visibility="public" complexity="1" crap="1" count="21"/>
      <line num="98" type="stmt" count="21"/>
      <line num="100" type="stmt" count="21"/>
      <line num="103" type="method" name="toggle" visibility="public" complexity="2" crap="2" count="2"/>
      <line num="105" type="stmt" count="2"/>
      <line num="106" type="stmt" count="2"/>
      <line num="108" type="stmt" count="2"/>
      <line num="109" type="stmt" count="1"/>
      <line num="112" type="stmt" count="2"/>
      <line num="115" type="method" name="getOwner" visibility="public" complexity="1" crap="1" count="17"/>
      <line num="117" type="stmt" count="17"/>
      <line num="120" type="method" name="setOwner" visibility="public" complexity="1" crap="1" count="22"/>
      <line num="122" type="stmt" count="22"/>
      <line num="124" type="stmt" count="22"/>
      <line num="127" type="method" name="getDoneAt" visibility="public" complexity="1" crap="1" count="4"/>
      <line num="129" type="stmt" count="4"/>
      <line num="132" type="method" name="setDoneAt" visibility="public" complexity="1" crap="1" count="12"/>
      <line num="134" type="stmt" count="12"/>
      <line num="136" type="stmt" count="12"/>
      <metrics loc="139" ncloc="139" classes="1" methods="15" coveredmethods="15" conditionals="0" coveredconditionals="0" statements="25" coveredstatements="25" elements="40" coveredelements="40"/>
    </file>
    <file name="/Users/magali/Library/CloudStorage/OneDrive-Personnel/Documents/www/oc-todolist/src/Entity/User.php">
      <class name="App\Entity\User" namespace="global">
        <metrics complexity="21" methods="18" coveredmethods="16" conditionals="0" coveredconditionals="0" statements="31" coveredstatements="26" elements="49" coveredelements="42"/>
      </class>
      <line num="55" type="method" name="__construct" visibility="public" complexity="1" crap="1" count="70"/>
      <line num="57" type="stmt" count="70"/>
      <line num="60" type="method" name="getId" visibility="public" complexity="1" crap="1" count="31"/>
      <line num="62" type="stmt" count="31"/>
      <line num="65" type="method" name="getUsername" visibility="public" complexity="1" crap="1" count="35"/>
      <line num="67" type="stmt" count="35"/>
      <line num="70" type="method" name="setUsername" visibility="public" complexity="1" crap="1" count="70"/>
      <line num="72" type="stmt" count="70"/>
      <line num="74" type="stmt" count="70"/>
      <line num="82" type="method" name="getUserIdentifier" visibility="public" complexity="1" crap="1" count="68"/>
      <line num="84" type="stmt" count="68"/>
      <line num="90" type="method" name="getPassword" visibility="public" complexity="1" crap="1" count="68"/>
      <line num="92" type="stmt" count="68"/>
      <line num="95" type="method" name="setPassword" visibility="public" complexity="1" crap="1" count="70"/>
      <line num="97" type="stmt" count="70"/>
      <line num="99" type="stmt" count="70"/>
      <line num="102" type="method" name="getPlainPassword" visibility="public" complexity="1" crap="1" count="70"/>
      <line num="104" type="stmt" count="70"/>
      <line num="107" type="method" name="setPlainPassword" visibility="public" complexity="1" crap="1" count="70"/>
      <line num="109" type="stmt" count="70"/>
      <line num="111" type="stmt" count="70"/>
      <line num="114" type="method" name="getEmail" visibility="public" complexity="1" crap="1" count="21"/>
      <line num="116" type="stmt" count="21"/>
      <line num="119" type="method" name="setEmail" visibility="public" complexity="1" crap="1" count="70"/>
      <line num="121" type="stmt" count="70"/>
      <line num="123" type="stmt" count="70"/>
      <line num="126" type="method" name="getRoles" visibility="public" complexity="1" crap="1" count="68"/>
      <line num="128" type="stmt" count="68"/>
      <line num="130" type="stmt" count="68"/>
      <line num="132" type="stmt" count="68"/>
      <line num="135" type="method" name="setRoles" visibility="public" complexity="1" crap="1" count="37"/>
      <line num="137" type="stmt" count="37"/>
      <line num="139" type="stmt" count="37"/>
      <line num="142" type="method" name="isAdmin" visibility="public" complexity="1" crap="1" count="14"/>
      <line num="144" type="stmt" count="14"/>
      <line num="150" type="method" name="eraseCredentials" visibility="public" complexity="1" crap="1" count="70"/>
      <line num="152" type="stmt" count="70"/>
      <line num="158" type="method" name="getTasks" visibility="public" complexity="1" crap="2" count="0"/>
      <line num="160" type="stmt" count="0"/>
      <line num="163" type="method" name="addTask" visibility="public" complexity="2" crap="2" count="1"/>
      <line num="165" type="stmt" count="1"/>
      <line num="166" type="stmt" count="1"/>
      <line num="167" type="stmt" count="1"/>
      <line num="170" type="stmt" count="1"/>
      <line num="173" type="method" name="removeTask" visibility="public" complexity="3" crap="12" count="0"/>
      <line num="175" type="stmt" count="0"/>
      <line num="177" type="stmt" count="0"/>
      <line num="178" type="stmt" count="0"/>
      <line num="182" type="stmt" count="0"/>
      <metrics loc="185" ncloc="169" classes="1" methods="18" coveredmethods="16" conditionals="0" coveredconditionals="0" statements="31" coveredstatements="26" elements="49" coveredelements="42"/>
    </file>
    <file name="/Users/magali/Library/CloudStorage/OneDrive-Personnel/Documents/www/oc-todolist/src/Factory/TaskFactory.php">
      <class name="App\Factory\TaskFactory" namespace="global">
        <metrics complexity="5" methods="4" coveredmethods="4" conditionals="0" coveredconditionals="0" statements="11" coveredstatements="11" elements="15" coveredelements="15"/>
      </class>
      <line num="28" type="method" name="__construct" visibility="public" complexity="1" crap="1" count="1"/>
      <line num="30" type="stmt" count="1"/>
      <line num="35" type="method" name="getDefaults" visibility="protected" complexity="1" crap="1" count="21"/>
      <line num="38" type="stmt" count="21"/>
      <line num="39" type="stmt" count="21"/>
      <line num="40" type="stmt" count="21"/>
      <line num="41" type="stmt" count="21"/>
      <line num="42" type="stmt" count="21"/>
      <line num="43" type="stmt" count="21"/>
      <line num="47" type="method" name="initialize" visibility="protected" complexity="2" crap="2" count="21"/>
      <line num="51" type="stmt" count="21"/>
      <line num="52" type="stmt" count="21"/>
      <line num="53" type="stmt" count="12"/>
      <line num="58" type="method" name="getClass" visibility="protected" complexity="1" crap="1" count="1"/>
      <line num="60" type="stmt" count="1"/>
      <metrics loc="63" ncloc="44" classes="1" methods="4" coveredmethods="4" conditionals="0" coveredconditionals="0" statements="11" coveredstatements="11" elements="15" coveredelements="15"/>
    </file>
    <file name="/Users/magali/Library/CloudStorage/OneDrive-Personnel/Documents/www/oc-todolist/src/Factory/UserFactory.php">
      <class name="App\Factory\UserFactory" namespace="global">
        <metrics complexity="6" methods="5" coveredmethods="5" conditionals="0" coveredconditionals="0" statements="14" coveredstatements="14" elements="19" coveredelements="19"/>
      </class>
      <line num="29" type="method" name="__construct" visibility="public" complexity="1" crap="1" count="1"/>
      <line num="32" type="stmt" count="1"/>
      <line num="35" type="method" name="promoteRole" visibility="public" complexity="1" crap="1" count="37"/>
      <line num="37" type="stmt" count="37"/>
      <line num="38" type="stmt" count="37"/>
      <line num="42" type="method" name="getDefaults" visibility="protected" complexity="1" crap="1" count="70"/>
      <line num="45" type="stmt" count="70"/>
      <line num="46" type="stmt" count="70"/>
      <line num="47" type="stmt" count="70"/>
      <line num="48" type="stmt" count="70"/>
      <line num="49" type="stmt" count="70"/>
      <line num="53" type="method" name="initialize" visibility="protected" complexity="2" crap="2" count="70"/>
      <line num="57" type="stmt" count="70"/>
      <line num="58" type="stmt" count="70"/>
      <line num="59" type="stmt" count="70"/>
      <line num="60" type="stmt" count="70"/>
      <line num="65" type="method" name="getClass" visibility="protected" complexity="1" crap="1" count="22"/>
      <line num="67" type="stmt" count="22"/>
      <metrics loc="70" ncloc="52" classes="1" methods="5" coveredmethods="5" conditionals="0" coveredconditionals="0" statements="14" coveredstatements="14" elements="19" coveredelements="19"/>
    </file>
    <file name="/Users/magali/Library/CloudStorage/OneDrive-Personnel/Documents/www/oc-todolist/src/Form/ChangePasswordFormType.php">
      <class name="App\Form\ChangePasswordFormType" namespace="global">
        <metrics complexity="1" methods="1" coveredmethods="1" conditionals="0" coveredconditionals="0" statements="4" coveredstatements="4" elements="5" coveredelements="5"/>
      </class>
      <line num="14" type="method" name="buildForm" visibility="public" complexity="1" crap="1" count="4"/>
      <line num="17" type="stmt" count="4"/>
      <line num="22" type="stmt" count="4"/>
      <line num="24" type="stmt" count="4"/>
      <line num="27" type="stmt" count="4"/>
      <metrics loc="40" ncloc="40" classes="1" methods="1" coveredmethods="1" conditionals="0" coveredconditionals="0" statements="4" coveredstatements="4" elements="5" coveredelements="5"/>
    </file>
    <file name="/Users/magali/Library/CloudStorage/OneDrive-Personnel/Documents/www/oc-todolist/src/Form/TaskType.php">
      <class name="App\Form\TaskType" namespace="global">
        <metrics complexity="1" methods="1" coveredmethods="1" conditionals="0" coveredconditionals="0" statements="2" coveredstatements="2" elements="3" coveredelements="3"/>
      </class>
      <line num="11" type="method" name="buildForm" visibility="public" complexity="1" crap="1" count="11"/>
      <line num="14" type="stmt" count="11"/>
      <line num="15" type="stmt" count="11"/>
      <metrics loc="20" ncloc="20" classes="1" methods="1" coveredmethods="1" conditionals="0" coveredconditionals="0" statements="2" coveredstatements="2" elements="3" coveredelements="3"/>
    </file>
    <file name="/Users/magali/Library/CloudStorage/OneDrive-Personnel/Documents/www/oc-todolist/src/Form/UserType.php">
      <class name="App\Form\UserType" namespace="global">
        <metrics complexity="5" methods="1" coveredmethods="0" conditionals="0" coveredconditionals="0" statements="16" coveredstatements="15" elements="17" coveredelements="15"/>
      </class>
      <line num="16" type="method" name="buildForm" visibility="public" complexity="5" crap="5.01" count="19"/>
      <line num="20" type="stmt" count="19"/>
      <line num="21" type="stmt" count="19"/>
      <line num="24" type="stmt" count="19"/>
      <line num="27" type="stmt" count="19"/>
      <line num="30" type="stmt" count="19"/>
      <line num="32" type="stmt" count="19"/>
      <line num="33" type="stmt" count="19"/>
      <line num="37" type="stmt" count="19"/>
      <line num="39" type="stmt" count="19"/>
      <line num="41" type="stmt" count="16"/>
      <line num="42" type="stmt" count="16"/>
      <line num="43" type="stmt" count="0"/>
      <line num="45" type="stmt" count="16"/>
      <line num="47" type="stmt" count="16"/>
      <line num="49" type="stmt" count="16"/>
      <line num="50" type="stmt" count="2"/>
      <metrics loc="56" ncloc="54" classes="1" methods="1" coveredmethods="0" conditionals="0" coveredconditionals="0" statements="16" coveredstatements="15" elements="17" coveredelements="15"/>
    </file>
    <file name="/Users/magali/Library/CloudStorage/OneDrive-Personnel/Documents/www/oc-todolist/src/Kernel.php">
      <class name="App\Kernel" namespace="global">
        <metrics complexity="0" methods="0" coveredmethods="0" conditionals="0" coveredconditionals="0" statements="0" coveredstatements="0" elements="0" coveredelements="0"/>
      </class>
      <metrics loc="12" ncloc="12" classes="0" methods="0" coveredmethods="0" conditionals="0" coveredconditionals="0" statements="0" coveredstatements="0" elements="0" coveredelements="0"/>
    </file>
    <file name="/Users/magali/Library/CloudStorage/OneDrive-Personnel/Documents/www/oc-todolist/src/Manager/ResetPasswordManager.php">
      <class name="App\Manager\ResetPasswordManager" namespace="global">
        <metrics complexity="9" methods="3" coveredmethods="1" conditionals="0" coveredconditionals="0" statements="24" coveredstatements="19" elements="27" coveredelements="20"/>
      </class>
      <line num="24" type="method" name="__construct" visibility="public" complexity="1" crap="1" count="7"/>
      <line num="34" type="method" name="resetPassword" visibility="public" complexity="6" crap="6.17" count="4"/>
      <line num="36" type="stmt" count="4"/>
      <line num="39" type="stmt" count="4"/>
      <line num="42" type="stmt" count="4"/>
      <line num="44" type="stmt" count="4"/>
      <line num="45" type="stmt" count="0"/>
      <line num="50" type="stmt" count="4"/>
      <line num="51" type="stmt" count="0"/>
      <line num="52" type="stmt" count="0"/>
      <line num="56" type="stmt" count="4"/>
      <line num="57" type="stmt" count="4"/>
      <line num="59" type="stmt" count="4"/>
      <line num="61" type="stmt" count="1"/>
      <line num="64" type="stmt" count="1"/>
      <line num="66" type="stmt" count="1"/>
      <line num="69" type="stmt" count="1"/>
      <line num="70" type="stmt" count="1"/>
      <line num="73" type="stmt" count="1"/>
      <line num="76" type="stmt" count="4"/>
      <line num="79" type="method" name="isResetPasswordEmailSent" visibility="public" complexity="2" crap="2.26" count="1"/>
      <line num="82" type="stmt" count="1"/>
      <line num="83" type="stmt" count="0"/>
      <line num="84" type="stmt" count="0"/>
      <line num="87" type="stmt" count="1"/>
      <line num="89" type="stmt" count="1"/>
      <metrics loc="92" ncloc="85" classes="1" methods="3" coveredmethods="1" conditionals="0" coveredconditionals="0" statements="24" coveredstatements="19" elements="27" coveredelements="20"/>
    </file>
    <file name="/Users/magali/Library/CloudStorage/OneDrive-Personnel/Documents/www/oc-todolist/src/Manager/TaskManager.php">
      <class name="App\Manager\TaskManager" namespace="global">
        <metrics complexity="11" methods="7" coveredmethods="7" conditionals="0" coveredconditionals="0" statements="21" coveredstatements="21" elements="28" coveredelements="28"/>
      </class>
      <line num="16" type="method" name="__construct" visibility="public" complexity="1" crap="1" count="28"/>
      <line num="23" type="method" name="listUndoneTasks" visibility="public" complexity="1" crap="1" count="8"/>
      <line num="25" type="stmt" count="8"/>
      <line num="27" type="stmt" count="8"/>
      <line num="30" type="method" name="listDoneTasks" visibility="public" complexity="1" crap="1" count="3"/>
      <line num="32" type="stmt" count="3"/>
      <line num="34" type="stmt" count="3"/>
      <line num="37" type="method" name="createTask" visibility="public" complexity="3" crap="3" count="4"/>
      <line num="39" type="stmt" count="4"/>
      <line num="41" type="stmt" count="4"/>
      <line num="42" type="stmt" count="4"/>
      <line num="44" type="stmt" count="4"/>
      <line num="45" type="stmt" count="1"/>
      <line num="46" type="stmt" count="1"/>
      <line num="49" type="stmt" count="4"/>
      <line num="52" type="method" name="editTask" visibility="public" complexity="3" crap="3" count="7"/>
      <line num="54" type="stmt" count="7"/>
      <line num="55" type="stmt" count="7"/>
      <line num="57" type="stmt" count="7"/>
      <line num="58" type="stmt" count="1"/>
      <line num="61" type="stmt" count="7"/>
      <line num="64" type="method" name="toggle" visibility="public" complexity="1" crap="1" count="2"/>
      <line num="66" type="stmt" count="2"/>
      <line num="67" type="stmt" count="2"/>
      <line num="69" type="stmt" count="2"/>
      <line num="72" type="method" name="deleteTask" visibility="public" complexity="1" crap="1" count="3"/>
      <line num="74" type="stmt" count="3"/>
      <metrics loc="77" ncloc="77" classes="1" methods="7" coveredmethods="7" conditionals="0" coveredconditionals="0" statements="21" coveredstatements="21" elements="28" coveredelements="28"/>
    </file>
    <file name="/Users/magali/Library/CloudStorage/OneDrive-Personnel/Documents/www/oc-todolist/src/Manager/UserManager.php">
      <class name="App\Manager\UserManager" namespace="global">
        <metrics complexity="9" methods="5" coveredmethods="5" conditionals="0" coveredconditionals="0" statements="19" coveredstatements="19" elements="24" coveredelements="24"/>
      </class>
      <line num="18" type="method" name="__construct" visibility="public" complexity="1" crap="1" count="31"/>
      <line num="27" type="method" name="listUsers" visibility="public" complexity="1" crap="1" count="6"/>
      <line num="29" type="stmt" count="6"/>
      <line num="35" type="method" name="createUser" visibility="public" complexity="3" crap="3" count="9"/>
      <line num="37" type="stmt" count="9"/>
      <line num="38" type="stmt" count="9"/>
      <line num="39" type="stmt" count="9"/>
      <line num="41" type="stmt" count="9"/>
      <line num="43" type="stmt" count="2"/>
      <line num="45" type="stmt" count="2"/>
      <line num="46" type="stmt" count="2"/>
      <line num="49" type="stmt" count="2"/>
      <line num="51" type="stmt" count="2"/>
      <line num="53" type="stmt" count="2"/>
      <line num="56" type="stmt" count="9"/>
      <line num="59" type="method" name="editUser" visibility="public" complexity="3" crap="3" count="10"/>
      <line num="61" type="stmt" count="10"/>
      <line num="62" type="stmt" count="10"/>
      <line num="64" type="stmt" count="10"/>
      <line num="65" type="stmt" count="2"/>
      <line num="68" type="stmt" count="10"/>
      <line num="71" type="method" name="deleteUser" visibility="public" complexity="1" crap="1" count="1"/>
      <line num="73" type="stmt" count="1"/>
      <metrics loc="76" ncloc="72" classes="1" methods="5" coveredmethods="5" conditionals="0" coveredconditionals="0" statements="19" coveredstatements="19" elements="24" coveredelements="24"/>
    </file>
    <file name="/Users/magali/Library/CloudStorage/OneDrive-Personnel/Documents/www/oc-todolist/src/Repository/ResetPasswordRequestRepository.php">
      <class name="App\Repository\ResetPasswordRequestRepository" namespace="global">
        <metrics complexity="6" methods="4" coveredmethods="2" conditionals="0" coveredconditionals="0" statements="8" coveredstatements="2" elements="12" coveredelements="4"/>
      </class>
      <line num="25" type="method" name="__construct" visibility="public" complexity="1" crap="1" count="37"/>
      <line num="27" type="stmt" count="37"/>
      <line num="30" type="method" name="add" visibility="public" complexity="2" crap="6" count="0"/>
      <line num="32" type="stmt" count="0"/>
      <line num="34" type="stmt" count="0"/>
      <line num="35" type="stmt" count="0"/>
      <line num="39" type="method" name="remove" visibility="public" complexity="2" crap="6" count="0"/>
      <line num="41" type="stmt" count="0"/>
      <line num="43" type="stmt" count="0"/>
      <line num="44" type="stmt" count="0"/>
      <line num="48" type="method" name="createResetPasswordRequest" visibility="public" complexity="1" crap="1" count="7"/>
      <line num="50" type="stmt" count="7"/>
      <metrics loc="53" ncloc="45" classes="1" methods="4" coveredmethods="2" conditionals="0" coveredconditionals="0" statements="8" coveredstatements="2" elements="12" coveredelements="4"/>
    </file>
    <file name="/Users/magali/Library/CloudStorage/OneDrive-Personnel/Documents/www/oc-todolist/src/Repository/TaskRepository.php">
      <class name="App\Repository\TaskRepository" namespace="global">
        <metrics complexity="10" methods="7" coveredmethods="7" conditionals="0" coveredconditionals="0" statements="13" coveredstatements="13" elements="20" coveredelements="20"/>
      </class>
      <line num="20" type="method" name="__construct" visibility="public" complexity="1" crap="1" count="28"/>
      <line num="22" type="stmt" count="28"/>
      <line num="25" type="method" name="add" visibility="public" complexity="2" crap="2" count="4"/>
      <line num="27" type="stmt" count="4"/>
      <line num="29" type="stmt" count="4"/>
      <line num="30" type="stmt" count="4"/>
      <line num="34" type="method" name="update" visibility="public" complexity="1" crap="1" count="3"/>
      <line num="36" type="stmt" count="3"/>
      <line num="39" type="method" name="remove" visibility="public" complexity="2" crap="2" count="3"/>
      <line num="41" type="stmt" count="3"/>
      <line num="43" type="stmt" count="3"/>
      <line num="44" type="stmt" count="3"/>
      <line num="48" type="method" name="getUndoneTasks" visibility="public" complexity="1" crap="1" count="8"/>
      <line num="50" type="stmt" count="8"/>
      <line num="51" type="stmt" count="8"/>
      <line num="55" type="method" name="getDoneTasks" visibility="public" complexity="1" crap="1" count="3"/>
      <line num="57" type="stmt" count="3"/>
      <line num="58" type="stmt" count="3"/>
      <line num="62" type="method" name="getOrCreateQueryBuilder" visibility="private" complexity="2" crap="2" count="11"/>
      <line num="64" type="stmt" count="11"/>
      <metrics loc="92" ncloc="61" classes="1" methods="7" coveredmethods="7" conditionals="0" coveredconditionals="0" statements="13" coveredstatements="13" elements="20" coveredelements="20"/>
    </file>
    <file name="/Users/magali/Library/CloudStorage/OneDrive-Personnel/Documents/www/oc-todolist/src/Repository/UserRepository.php">
      <class name="App\Repository\UserRepository" namespace="global">
        <metrics complexity="6" methods="4" coveredmethods="4" conditionals="0" coveredconditionals="0" statements="8" coveredstatements="8" elements="12" coveredelements="12"/>
      </class>
      <line num="19" type="method" name="__construct" visibility="public" complexity="1" crap="1" count="69"/>
      <line num="21" type="stmt" count="69"/>
      <line num="24" type="method" name="add" visibility="public" complexity="2" crap="2" count="5"/>
      <line num="26" type="stmt" count="5"/>
      <line num="28" type="stmt" count="5"/>
      <line num="29" type="stmt" count="5"/>
      <line num="33" type="method" name="update" visibility="public" complexity="1" crap="1" count="3"/>
      <line num="35" type="stmt" count="3"/>
      <line num="38" type="method" name="remove" visibility="public" complexity="2" crap="2" count="1"/>
      <line num="40" type="stmt" count="1"/>
      <line num="42" type="stmt" count="1"/>
      <line num="43" type="stmt" count="1"/>
      <metrics loc="72" ncloc="41" classes="1" methods="4" coveredmethods="4" conditionals="0" coveredconditionals="0" statements="8" coveredstatements="8" elements="12" coveredelements="12"/>
    </file>
    <file name="/Users/magali/Library/CloudStorage/OneDrive-Personnel/Documents/www/oc-todolist/src/Security/Voter/TaskVoter.php">
      <class name="App\Security\Voter\TaskVoter" namespace="global">
        <metrics complexity="7" methods="3" coveredmethods="2" conditionals="0" coveredconditionals="0" statements="13" coveredstatements="11" elements="16" coveredelements="13"/>
      </class>
      <line num="18" type="method" name="__construct" visibility="public" complexity="1" crap="1" count="55"/>
      <line num="23" type="method" name="supports" visibility="protected" complexity="2" crap="2" count="55"/>
      <line num="27" type="stmt" count="55"/>
      <line num="34" type="method" name="voteOnAttribute" visibility="protected" complexity="4" crap="4.10" count="19"/>
      <line num="37" type="stmt" count="19"/>
      <line num="39" type="stmt" count="19"/>
      <line num="40" type="stmt" count="0"/>
      <line num="43" type="stmt" count="19"/>
      <line num="44" type="stmt" count="0"/>
      <line num="47" type="stmt" count="19"/>
      <line num="48" type="stmt" count="6"/>
      <line num="52" type="stmt" count="13"/>
      <line num="53" type="stmt" count="7"/>
      <line num="54" type="stmt" count="7"/>
      <line num="55" type="stmt" count="13"/>
      <metrics loc="59" ncloc="51" classes="1" methods="3" coveredmethods="2" conditionals="0" coveredconditionals="0" statements="13" coveredstatements="11" elements="16" coveredelements="13"/>
    </file>
    <file name="/Users/magali/Library/CloudStorage/OneDrive-Personnel/Documents/www/oc-todolist/src/Security/Voter/UserVoter.php">
      <class name="App\Security\Voter\UserVoter" namespace="global">
        <metrics complexity="6" methods="3" coveredmethods="2" conditionals="0" coveredconditionals="0" statements="10" coveredstatements="8" elements="13" coveredelements="10"/>
      </class>
      <line num="16" type="method" name="__construct" visibility="public" complexity="1" crap="1" count="49"/>
      <line num="21" type="method" name="supports" visibility="protected" complexity="2" crap="2" count="49"/>
      <line num="25" type="stmt" count="49"/>
      <line num="29" type="method" name="voteOnAttribute" visibility="protected" complexity="3" crap="3.14" count="6"/>
      <line num="31" type="stmt" count="6"/>
      <line num="33" type="stmt" count="6"/>
      <line num="34" type="stmt" count="0"/>
      <line num="37" type="stmt" count="6"/>
      <line num="38" type="stmt" count="0"/>
      <line num="42" type="stmt" count="6"/>
      <line num="43" type="stmt" count="6"/>
      <line num="44" type="stmt" count="6"/>
      <metrics loc="48" ncloc="44" classes="1" methods="3" coveredmethods="2" conditionals="0" coveredconditionals="0" statements="10" coveredstatements="8" elements="13" coveredelements="10"/>
    </file>
    <file name="/Users/magali/Library/CloudStorage/OneDrive-Personnel/Documents/www/oc-todolist/src/Service/AppMailer.php">
      <class name="App\Service\AppMailer" namespace="global">
        <metrics complexity="5" methods="3" coveredmethods="1" conditionals="0" coveredconditionals="0" statements="15" coveredstatements="13" elements="18" coveredelements="14"/>
      </class>
      <line num="14" type="method" name="__construct" visibility="public" complexity="1" crap="1" count="37"/>
      <line num="20" type="method" name="sendEmailResetPassword" visibility="public" complexity="2" crap="2.01" count="1"/>
      <line num="22" type="stmt" count="1"/>
      <line num="23" type="stmt" count="1"/>
      <line num="24" type="stmt" count="1"/>
      <line num="25" type="stmt" count="1"/>
      <line num="26" type="stmt" count="1"/>
      <line num="32" type="stmt" count="1"/>
      <line num="33" type="stmt" count="0"/>
      <line num="37" type="method" name="sendEmailNewPassword" visibility="public" complexity="2" crap="2.01" count="2"/>
      <line num="39" type="stmt" count="2"/>
      <line num="40" type="stmt" count="2"/>
      <line num="41" type="stmt" count="2"/>
      <line num="42" type="stmt" count="2"/>
      <line num="43" type="stmt" count="2"/>
      <line num="49" type="stmt" count="2"/>
      <line num="50" type="stmt" count="0"/>
      <metrics loc="54" ncloc="54" classes="1" methods="3" coveredmethods="1" conditionals="0" coveredconditionals="0" statements="15" coveredstatements="13" elements="18" coveredelements="14"/>
    </file>
    <file name="/Users/magali/Library/CloudStorage/OneDrive-Personnel/Documents/www/oc-todolist/src/Service/PaginationService.php">
      <class name="App\Service\PaginationService" namespace="global">
        <metrics complexity="2" methods="2" coveredmethods="2" conditionals="0" coveredconditionals="0" statements="8" coveredstatements="8" elements="10" coveredelements="10"/>
      </class>
      <line num="13" type="method" name="__construct" visibility="public" complexity="1" crap="1" count="28"/>
      <line num="18" type="method" name="paginateItems" visibility="public" complexity="1" crap="1" count="11"/>
      <line num="20" type="stmt" count="11"/>
      <line num="21" type="stmt" count="11"/>
      <line num="23" type="stmt" count="11"/>
      <line num="24" type="stmt" count="11"/>
      <line num="25" type="stmt" count="11"/>
      <line num="26" type="stmt" count="11"/>
      <line num="28" type="stmt" count="11"/>
      <metrics loc="31" ncloc="31" classes="1" methods="2" coveredmethods="2" conditionals="0" coveredconditionals="0" statements="8" coveredstatements="8" elements="10" coveredelements="10"/>
    </file>
    <metrics files="26" loc="1705" ncloc="1548" classes="24" methods="110" coveredmethods="92" conditionals="0" coveredconditionals="0" statements="335" coveredstatements="292" elements="445" coveredelements="384"/>
  </project>
</coverage>
